    1: /*
    2:   Input a number and calculate its factorial.
    3: */
    4: int x, y;
    5: 
    6: main
    7: {
    8:   put('>');
    9:   x = get(int);
   10:   put('>');
   11:   y = get(int);
   12:   put('x'); put('='); put(x); put("\n");
   13:   put('y'); put('='); put(y); put("\n");
   14: 
   15:   while (x ## y) {
   16:     if (x < y) {
   17:       y = y - x;
   18:     }
   19:     else {
   20:       x = x - y;
   21:     };
   22:   };
   23: 
   24:   put('g'); put('='); put(x); put('\n');
   25: }
   26: 
       A
    -A Parse Successful
